19:06:47 [INFO] ─── Package versions ───────────────────────────────────
19:06:47 [INFO]   python         3.13.6
19:06:47 [INFO]   torch          2.10.0
19:06:47 [INFO]   transformers   5.2.0
19:06:47 [INFO]   sklearn        1.8.0
19:06:47 [INFO]   numpy          2.4.2
19:06:47 [INFO] ────────────────────────────────────────────────────────
19:06:47 [INFO] Device: mps
19:06:47 [INFO] Output dir: outputs_stage4
19:06:47 [INFO] Mode: hpo  |  Trials: 1  |  Max epochs: 1  |  RoBERTa: roberta-base
19:06:47 [INFO]   DeBERTa: SKIPPED (--skip_deberta)
19:06:47 [INFO] 
================================================================
19:06:47 [INFO]   STAGE 1: HPO on train-internal split
19:06:47 [INFO] ================================================================
19:06:47 [INFO] 
Loading official train set and creating internal split...
19:06:47 [INFO]   official_train: 8375 samples — PCL=794 (9.5%)  No-PCL=7581 (90.5%)
19:06:47 [INFO]   train_internal: 7118 samples  PCL=675 (9.5%)
19:06:47 [INFO]   dev_internal:   1257 samples  PCL=119 (9.5%)
19:06:47 [INFO] 
──────────── roberta_ce  (roberta-base) ─────────────────────
19:06:47 [INFO] 
[roberta_ce Trial 1/1] lr=9.78e-06  batch_size=16  epochs=1  weight_decay=9.17e-03  max_len=256
19:06:47 [INFO] HTTP Request: HEAD https://huggingface.co/roberta-base/resolve/main/config.json "HTTP/1.1 200 OK"
19:06:47 [INFO] HTTP Request: HEAD https://huggingface.co/roberta-base/resolve/main/tokenizer_config.json "HTTP/1.1 200 OK"
19:06:47 [INFO] HTTP Request: GET https://huggingface.co/api/models/roberta-base/tree/main/additional_chat_templates?recursive=false&expand=false "HTTP/1.1 307 Temporary Redirect"
19:06:48 [INFO] HTTP Request: GET https://huggingface.co/api/models/FacebookAI/roberta-base/tree/main/additional_chat_templates?recursive=false&expand=false "HTTP/1.1 404 Not Found"
19:06:48 [INFO] HTTP Request: GET https://huggingface.co/api/models/roberta-base/tree/main?recursive=true&expand=false "HTTP/1.1 307 Temporary Redirect"
19:06:48 [INFO] HTTP Request: GET https://huggingface.co/api/models/FacebookAI/roberta-base/tree/main?recursive=true&expand=false "HTTP/1.1 200 OK"
19:06:48 [INFO] HTTP Request: HEAD https://huggingface.co/roberta-base/resolve/main/config.json "HTTP/1.1 200 OK"
19:06:48 [WARNING] Warning: You are sending unauthenticated requests to the HF Hub. Please set a HF_TOKEN to enable higher rate limits and faster downloads.
